#
# There is insufficient memory for the Java Runtime Environment to continue.
# Native memory allocation (malloc) failed to allocate 948128 bytes for Chunk::new
# Possible reasons:
#   The system is out of physical RAM or swap space
#   The process is running with CompressedOops enabled, and the Java Heap may be blocking the growth of the native heap
# Possible solutions:
#   Reduce memory load on the system
#   Increase physical memory or swap space
#   Check if swap backing store is full
#   Decrease Java heap size (-Xmx/-Xms)
#   Decrease number of Java threads
#   Decrease Java thread stack sizes (-Xss)
#   Set larger code cache with -XX:ReservedCodeCacheSize=
#   JVM is running with Unscaled Compressed Oops mode in which the Java heap is
#     placed in the first 4GB address space. The Java Heap base address is the
#     maximum limit for the native heap growth. Please use -XX:HeapBaseMinAddress
#     to set the Java Heap base and to place the Java Heap above 4GB virtual address.
# This output file may be truncated or incomplete.
#
#  Out of Memory Error (arena.cpp:189), pid=25632, tid=39424
#
# JRE version: OpenJDK Runtime Environment Temurin-17.0.1+12 (17.0.1+12) (build 17.0.1+12)
# Java VM: OpenJDK 64-Bit Server VM Temurin-17.0.1+12 (17.0.1+12, mixed mode, tiered, compressed oops, compressed class ptrs, g1 gc, windows-amd64)
# No core dump will be written. Minidumps are not enabled by default on client versions of Windows
#

---------------  S U M M A R Y ------------

Command Line: -ea -Dfile.encoding=Cp1252 -XX:+ShowCodeDetailsInExceptionMessages org.testng.remote.RemoteTestNG -serport 49643 -protocol json -d C:\Users\inindc00091\git\repository\Devesh_AzentioFramework\test-output C:\Users\ININDC~1\AppData\Local\Temp\testng-eclipse-1694339043\testng-customsuite.xml

Host: Intel(R) Core(TM) i3-7100 CPU @ 3.90GHz, 4 cores, 3G,  Windows 10 , 64 bit Build 18362 (10.0.18362.1500)
Time: Thu Feb  3 03:53:59 2022 Pacific Standard Time elapsed time: 84.434854 seconds (0d 0h 1m 24s)

---------------  T H R E A D  ---------------

Current thread (0x000001857f417a00):  JavaThread "C2 CompilerThread0" daemon [_thread_in_native, id=39424, stack(0x00000011bfa00000,0x00000011bfb00000)]


Current CompileTask:
C2:  84434 4711   !   4       org.apache.fontbox.afm.AFMParser::parseCharMetric (710 bytes)

Stack: [0x00000011bfa00000,0x00000011bfb00000]
Native frames: (J=compiled Java code, j=interpreted, Vv=VM code, C=native code)
V  [jvm.dll+0x6744da]
V  [jvm.dll+0x82e144]
V  [jvm.dll+0x82f8ee]
V  [jvm.dll+0x82ff53]
V  [jvm.dll+0x245175]
V  [jvm.dll+0xab85b]
V  [jvm.dll+0xabdec]
V  [jvm.dll+0x362f07]
V  [jvm.dll+0x1bb698]
V  [jvm.dll+0x218189]
V  [jvm.dll+0x217451]
V  [jvm.dll+0x1a355d]
V  [jvm.dll+0x226e38]
V  [jvm.dll+0x224f7c]
V  [jvm.dll+0x7e3f5b]
V  [jvm.dll+0x7de51a]
V  [jvm.dll+0x673305]
C  [ucrtbase.dll+0x210b2]
C  [KERNEL32.DLL+0x17c24]
C  [ntdll.dll+0x6d721]


---------------  P R O C E S S  ---------------

Threads class SMR info:
_java_thread_list=0x00000185116c81c0, length=24, elements={
0x000001857498f760, 0x000001857e964a20, 0x000001857e965fb0, 0x000001857f40ccb0,
0x000001857f40f580, 0x000001857f411870, 0x000001857f414140, 0x000001857f417a00,
0x000001857e9c97a0, 0x000001857e9ca880, 0x000001857f6b05e0, 0x000001857e90ce00,
0x000001857ffec7f0, 0x000001857ffedb30, 0x000001857ffeccc0, 0x000001857ffed190,
0x000001857ffed660, 0x00000185117f1350, 0x00000185117ef1a0, 0x00000185117f04e0,
0x00000185117ecff0, 0x00000185117f1cf0, 0x00000185117efb40, 0x00000185117f1820
}

Java Threads: ( => current thread )
  0x000001857498f760 JavaThread "main" [_thread_in_vm, id=46732, stack(0x00000011bed00000,0x00000011bee00000)]
  0x000001857e964a20 JavaThread "Reference Handler" daemon [_thread_blocked, id=16496, stack(0x00000011bf400000,0x00000011bf500000)]
  0x000001857e965fb0 JavaThread "Finalizer" daemon [_thread_blocked, id=40276, stack(0x00000011bf500000,0x00000011bf600000)]
  0x000001857f40ccb0 JavaThread "Signal Dispatcher" daemon [_thread_blocked, id=41300, stack(0x00000011bf600000,0x00000011bf700000)]
  0x000001857f40f580 JavaThread "Attach Listener" daemon [_thread_blocked, id=24828, stack(0x00000011bf700000,0x00000011bf800000)]
  0x000001857f411870 JavaThread "Service Thread" daemon [_thread_blocked, id=44472, stack(0x00000011bf800000,0x00000011bf900000)]
  0x000001857f414140 JavaThread "Monitor Deflation Thread" daemon [_thread_blocked, id=48996, stack(0x00000011bf900000,0x00000011bfa00000)]
=>0x000001857f417a00 JavaThread "C2 CompilerThread0" daemon [_thread_in_native, id=39424, stack(0x00000011bfa00000,0x00000011bfb00000)]
  0x000001857e9c97a0 JavaThread "C1 CompilerThread0" daemon [_thread_blocked, id=47524, stack(0x00000011bfb00000,0x00000011bfc00000)]
  0x000001857e9ca880 JavaThread "Sweeper thread" daemon [_thread_blocked, id=39920, stack(0x00000011bfc00000,0x00000011bfd00000)]
  0x000001857f6b05e0 JavaThread "Notification Thread" daemon [_thread_blocked, id=37840, stack(0x00000011bfd00000,0x00000011bfe00000)]
  0x000001857e90ce00 JavaThread "Common-Cleaner" daemon [_thread_blocked, id=39284, stack(0x00000011bff00000,0x00000011c0000000)]
  0x000001857ffec7f0 JavaThread "ReaderThread" [_thread_in_native, id=47500, stack(0x00000011c0300000,0x00000011c0400000)]
  0x000001857ffedb30 JavaThread "ForkJoinPool.commonPool-worker-1" daemon [_thread_blocked, id=8364, stack(0x00000011c0500000,0x00000011c0600000)]
  0x000001857ffeccc0 JavaThread "AsyncHttpClient-1-1" daemon [_thread_blocked, id=27644, stack(0x00000011c0600000,0x00000011c0700000)]
  0x000001857ffed190 JavaThread "Exec Default Executor" daemon [_thread_in_native, id=36368, stack(0x00000011c0700000,0x00000011c0800000)]
  0x000001857ffed660 JavaThread "Driver Service Executor" daemon [_thread_blocked, id=43632, stack(0x00000011c0800000,0x00000011c0900000)]
  0x00000185117f1350 JavaThread "Driver Service Executor" daemon [_thread_blocked, id=39356, stack(0x00000011c0900000,0x00000011c0a00000)]
  0x00000185117ef1a0 JavaThread "Exec Stream Pumper" daemon [_thread_in_native, id=39748, stack(0x00000011c0b00000,0x00000011c0c00000)]
  0x00000185117f04e0 JavaThread "Exec Stream Pumper" daemon [_thread_in_native, id=45356, stack(0x00000011c0c00000,0x00000011c0d00000)]
  0x00000185117ecff0 JavaThread "AsyncHttpClient-1-2" daemon [_thread_in_native, id=42928, stack(0x00000011c0e00000,0x00000011c0f00000)]
  0x00000185117f1cf0 JavaThread "AsyncHttpClient-1-3" daemon [_thread_in_native, id=39684, stack(0x00000011c1000000,0x00000011c1100000)]
  0x00000185117efb40 JavaThread "AsyncHttpClient-1-4" daemon [_thread_in_native, id=48456, stack(0x00000011c1100000,0x00000011c1200000)]
  0x00000185117f1820 JavaThread "Java2D Disposer" daemon [_thread_blocked, id=40864, stack(0x00000011beb00000,0x00000011bec00000)]

Other Threads:
  0x000001857e961e80 VMThread "VM Thread" [stack: 0x00000011bf300000,0x00000011bf400000] [id=46112]
  0x00000185749cee20 WatcherThread [stack: 0x00000011bfe00000,0x00000011bff00000] [id=17496]
  0x00000185749bcb40 GCTaskThread "GC Thread#0" [stack: 0x00000011bee00000,0x00000011bef00000] [id=42620]
  0x000001857f9510d0 GCTaskThread "GC Thread#1" [stack: 0x00000011c0000000,0x00000011c0100000] [id=31384]
  0x000001857f974fe0 GCTaskThread "GC Thread#2" [stack: 0x00000011c0100000,0x00000011c0200000] [id=47960]
  0x000001850f2af640 GCTaskThread "GC Thread#3" [stack: 0x00000011c0400000,0x00000011c0500000] [id=45824]
  0x00000185749c56d0 ConcurrentGCThread "G1 Main Marker" [stack: 0x00000011bef00000,0x00000011bf000000] [id=41860]
  0x00000185749c7ba0 ConcurrentGCThread "G1 Conc#0" [stack: 0x00000011bf000000,0x00000011bf100000] [id=43508]
  0x0000018574a17600 ConcurrentGCThread "G1 Refine#0" [stack: 0x00000011bf100000,0x00000011bf200000] [id=41172]
  0x0000018574a17f30 ConcurrentGCThread "G1 Service" [stack: 0x00000011bf200000,0x00000011bf300000] [id=47876]

Threads with active compile tasks:
C2 CompilerThread0    87153 4711   !   4       org.apache.fontbox.afm.AFMParser::parseCharMetric (710 bytes)

VM state: not at safepoint (normal execution)

VM Mutex/Monitor currently owned by a thread: None

Heap address: 0x00000000c1600000, size: 1002 MB, Compressed Oops mode: 32-bit

CDS archive(s) not mapped
Compressed class space mapped at: 0x0000000100000000-0x0000000140000000, reserved size: 1073741824
Narrow klass base: 0x0000000000000000, Narrow klass shift: 3, Narrow klass range: 0x140000000

GC Precious Log:
 CPUs: 4 total, 4 available
 Memory: 4003M
 Large Page Support: Disabled
 NUMA Support: Disabled
 Compressed Oops: Enabled (32-bit)
 Heap Region Size: 1M
 Heap Min Capacity: 8M
 Heap Initial Capacity: 64M
 Heap Max Capacity: 1002M
 Pre-touch: Disabled
 Parallel Workers: 4
 Concurrent Workers: 1
 Concurrent Refinement Workers: 4
 Periodic GC: Disabled

Heap:
 garbage-first heap   total 87040K, used 55089K [0x00000000c1600000, 0x0000000100000000)
  region size 1024K, 9 young (9216K), 2 survivors (2048K)
 Metaspace       used 54680K, committed 54976K, reserved 1097728K
  class space    used 6326K, committed 6464K, reserved 1048576K

Heap Regions: E=young(eden), S=young(survivor), O=old, HS=humongous(starts), HC=humongous(continues), CS=collection set, F=free, OA=open archive, CA=closed archive, TAMS=top-at-mark-start (previous, next)
|   0|0x00000000c1600000, 0x00000000c1700000, 0x00000000c1700000|100%| O|  |TAMS 0x00000000c1700000, 0x00000000c1600000| Untracked 
|   1|0x00000000c1700000, 0x00000000c1800000, 0x00000000c1800000|100%| O|  |TAMS 0x00000000c1800000, 0x00000000c1700000| Untracked 
|   2|0x00000000c1800000, 0x00000000c1900000, 0x00000000c1900000|100%| O|  |TAMS 0x00000000c1900000, 0x00000000c1800000| Untracked 
|   3|0x00000000c1900000, 0x00000000c1a00000, 0x00000000c1a00000|100%|HS|  |TAMS 0x00000000c1a00000, 0x00000000c1900000| Complete 
|   4|0x00000000c1a00000, 0x00000000c1b00000, 0x00000000c1b00000|100%| O|  |TAMS 0x00000000c1b00000, 0x00000000c1a00000| Untracked 
|   5|0x00000000c1b00000, 0x00000000c1c00000, 0x00000000c1c00000|100%| O|  |TAMS 0x00000000c1c00000, 0x00000000c1b00000| Untracked 
|   6|0x00000000c1c00000, 0x00000000c1d00000, 0x00000000c1d00000|100%| O|  |TAMS 0x00000000c1d00000, 0x00000000c1c00000| Untracked 
|   7|0x00000000c1d00000, 0x00000000c1e00000, 0x00000000c1e00000|100%| O|  |TAMS 0x00000000c1e00000, 0x00000000c1d00000| Untracked 
|   8|0x00000000c1e00000, 0x00000000c1f00000, 0x00000000c1f00000|100%| O|  |TAMS 0x00000000c1f00000, 0x00000000c1e00000| Untracked 
|   9|0x00000000c1f00000, 0x00000000c2000000, 0x00000000c2000000|100%| O|  |TAMS 0x00000000c2000000, 0x00000000c1f00000| Untracked 
|  10|0x00000000c2000000, 0x00000000c2037400, 0x00000000c2100000| 21%| O|  |TAMS 0x00000000c2037400, 0x00000000c2000000| Untracked 
|  11|0x00000000c2100000, 0x00000000c2200000, 0x00000000c2200000|100%| O|  |TAMS 0x00000000c2200000, 0x00000000c2100000| Untracked 
|  12|0x00000000c2200000, 0x00000000c2300000, 0x00000000c2300000|100%| O|  |TAMS 0x00000000c2300000, 0x00000000c2200000| Untracked 
|  13|0x00000000c2300000, 0x00000000c2400000, 0x00000000c2400000|100%| O|  |TAMS 0x00000000c2400000, 0x00000000c2300000| Untracked 
|  14|0x00000000c2400000, 0x00000000c2500000, 0x00000000c2500000|100%| O|  |TAMS 0x00000000c2500000, 0x00000000c2400000| Untracked 
|  15|0x00000000c2500000, 0x00000000c2600000, 0x00000000c2600000|100%| O|  |TAMS 0x00000000c2600000, 0x00000000c2500000| Untracked 
|  16|0x00000000c2600000, 0x00000000c2700000, 0x00000000c2700000|100%| O|  |TAMS 0x00000000c2700000, 0x00000000c2600000| Untracked 
|  17|0x00000000c2700000, 0x00000000c2800000, 0x00000000c2800000|100%| O|  |TAMS 0x00000000c2800000, 0x00000000c2700000| Untracked 
|  18|0x00000000c2800000, 0x00000000c2900000, 0x00000000c2900000|100%| O|  |TAMS 0x00000000c2900000, 0x00000000c2800000| Untracked 
|  19|0x00000000c2900000, 0x00000000c2a00000, 0x00000000c2a00000|100%| O|  |TAMS 0x00000000c2a00000, 0x00000000c2900000| Untracked 
|  20|0x00000000c2a00000, 0x00000000c2b00000, 0x00000000c2b00000|100%| O|  |TAMS 0x00000000c2b00000, 0x00000000c2a00000| Untracked 
|  21|0x00000000c2b00000, 0x00000000c2c00000, 0x00000000c2c00000|100%| O|  |TAMS 0x00000000c2c00000, 0x00000000c2b00000| Untracked 
|  22|0x00000000c2c00000, 0x00000000c2d00000, 0x00000000c2d00000|100%| O|  |TAMS 0x00000000c2d00000, 0x00000000c2c00000| Untracked 
|  23|0x00000000c2d00000, 0x00000000c2e00000, 0x00000000c2e00000|100%| O|  |TAMS 0x00000000c2e00000, 0x00000000c2d00000| Untracked 
|  24|0x00000000c2e00000, 0x00000000c2f00000, 0x00000000c2f00000|100%| O|  |TAMS 0x00000000c2f00000, 0x00000000c2e00000| Untracked 
|  25|0x00000000c2f00000, 0x00000000c3000000, 0x00000000c3000000|100%| O|  |TAMS 0x00000000c3000000, 0x00000000c2f00000| Untracked 
|  26|0x00000000c3000000, 0x00000000c3100000, 0x00000000c3100000|100%| O|  |TAMS 0x00000000c30b6200, 0x00000000c3000000| Untracked 
|  27|0x00000000c3100000, 0x00000000c3200000, 0x00000000c3200000|100%| O|  |TAMS 0x00000000c3100000, 0x00000000c3100000| Untracked 
|  28|0x00000000c3200000, 0x00000000c3300000, 0x00000000c3300000|100%| O|  |TAMS 0x00000000c3200000, 0x00000000c3200000| Untracked 
|  29|0x00000000c3300000, 0x00000000c3400000, 0x00000000c3400000|100%| O|  |TAMS 0x00000000c3300000, 0x00000000c3300000| Untracked 
|  30|0x00000000c3400000, 0x00000000c3495000, 0x00000000c3500000| 58%| O|  |TAMS 0x00000000c3400000, 0x00000000c3400000| Untracked 
|  31|0x00000000c3500000, 0x00000000c3500000, 0x00000000c3600000|  0%| F|  |TAMS 0x00000000c3500000, 0x00000000c3500000| Untracked 
|  32|0x00000000c3600000, 0x00000000c3600000, 0x00000000c3700000|  0%| F|  |TAMS 0x00000000c3600000, 0x00000000c3600000| Untracked 
|  33|0x00000000c3700000, 0x00000000c3700000, 0x00000000c3800000|  0%| F|  |TAMS 0x00000000c3700000, 0x00000000c3700000| Untracked 
|  34|0x00000000c3800000, 0x00000000c3800000, 0x00000000c3900000|  0%| F|  |TAMS 0x00000000c3800000, 0x00000000c3800000| Untracked 
|  35|0x00000000c3900000, 0x00000000c3900000, 0x00000000c3a00000|  0%| F|  |TAMS 0x00000000c3900000, 0x00000000c3900000| Untracked 
|  36|0x00000000c3a00000, 0x00000000c3a00000, 0x00000000c3b00000|  0%| F|  |TAMS 0x00000000c3a00000, 0x00000000c3a00000| Untracked 
|  37|0x00000000c3b00000, 0x00000000c3c00000, 0x00000000c3c00000|100%|HS|  |TAMS 0x00000000c3c00000, 0x00000000c3b00000| Complete 
|  38|0x00000000c3c00000, 0x00000000c3d00000, 0x00000000c3d00000|100%|HC|  |TAMS 0x00000000c3d00000, 0x00000000c3c00000| Complete 
|  39|0x00000000c3d00000, 0x00000000c3e00000, 0x00000000c3e00000|100%|HC|  |TAMS 0x00000000c3e00000, 0x00000000c3d00000| Complete 
|  40|0x00000000c3e00000, 0x00000000c3f00000, 0x00000000c3f00000|100%|HC|  |TAMS 0x00000000c3f00000, 0x00000000c3e00000| Complete 
|  41|0x00000000c3f00000, 0x00000000c4000000, 0x00000000c4000000|100%|HC|  |TAMS 0x00000000c4000000, 0x00000000c3f00000| Complete 
|  42|0x00000000c4000000, 0x00000000c4100000, 0x00000000c4100000|100%|HC|  |TAMS 0x00000000c4100000, 0x00000000c4000000| Complete 
|  43|0x00000000c4100000, 0x00000000c4200000, 0x00000000c4200000|100%|HC|  |TAMS 0x00000000c4200000, 0x00000000c4100000| Complete 
|  44|0x00000000c4200000, 0x00000000c4300000, 0x00000000c4300000|100%|HC|  |TAMS 0x00000000c4300000, 0x00000000c4200000| Complete 
|  45|0x00000000c4300000, 0x00000000c4400000, 0x00000000c4400000|100%|HC|  |TAMS 0x00000000c4400000, 0x00000000c4300000| Complete 
|  46|0x00000000c4400000, 0x00000000c4500000, 0x00000000c4500000|100%|HC|  |TAMS 0x00000000c4500000, 0x00000000c4400000| Complete 
|  47|0x00000000c4500000, 0x00000000c4600000, 0x00000000c4600000|100%|HC|  |TAMS 0x00000000c4600000, 0x00000000c4500000| Complete 
|  48|0x00000000c4600000, 0x00000000c4700000, 0x00000000c4700000|100%|HC|  |TAMS 0x00000000c4700000, 0x00000000c4600000| Complete 
|  49|0x00000000c4700000, 0x00000000c4800000, 0x00000000c4800000|100%|HC|  |TAMS 0x00000000c4800000, 0x00000000c4700000| Complete 
|  50|0x00000000c4800000, 0x00000000c4900000, 0x00000000c4900000|100%|HC|  |TAMS 0x00000000c4900000, 0x00000000c4800000| Complete 
|  51|0x00000000c4900000, 0x00000000c4a00000, 0x00000000c4a00000|100%|HC|  |TAMS 0x00000000c4a00000, 0x00000000c4900000| Complete 
|  52|0x00000000c4a00000, 0x00000000c4b00000, 0x00000000c4b00000|100%|HC|  |TAMS 0x00000000c4b00000, 0x00000000c4a00000| Complete 
|  53|0x00000000c4b00000, 0x00000000c4c00000, 0x00000000c4c00000|100%|HC|  |TAMS 0x00000000c4c00000, 0x00000000c4b00000| Complete 
|  54|0x00000000c4c00000, 0x00000000c4c00000, 0x00000000c4d00000|  0%| F|  |TAMS 0x00000000c4c00000, 0x00000000c4c00000| Untracked 
|  55|0x00000000c4d00000, 0x00000000c4d00000, 0x00000000c4e00000|  0%| F|  |TAMS 0x00000000c4d00000, 0x00000000c4d00000| Untracked 
|  56|0x00000000c4e00000, 0x00000000c4e00000, 0x00000000c4f00000|  0%| F|  |TAMS 0x00000000c4e00000, 0x00000000c4e00000| Untracked 
|  57|0x00000000c4f00000, 0x00000000c4f00000, 0x00000000c5000000|  0%| F|  |TAMS 0x00000000c4f00000, 0x00000000c4f00000| Untracked 
|  58|0x00000000c5000000, 0x00000000c5000000, 0x00000000c5100000|  0%| F|  |TAMS 0x00000000c5000000, 0x00000000c5000000| Untracked 
|  59|0x00000000c5100000, 0x00000000c5100000, 0x00000000c5200000|  0%| F|  |TAMS 0x00000000c5100000, 0x00000000c5100000| Untracked 
|  60|0x00000000c5200000, 0x00000000c5200000, 0x00000000c5300000|  0%| F|  |TAMS 0x00000000c5200000, 0x00000000c5200000| Untracked 
|  61|0x00000000c5300000, 0x00000000c5400000, 0x00000000c5400000|100%| S|CS|TAMS 0x00000000c5300000, 0x00000000c5300000| Complete 
|  62|0x00000000c5400000, 0x00000000c5500000, 0x00000000c5500000|100%| S|CS|TAMS 0x00000000c5400000, 0x00000000c5400000| Complete 
|  63|0x00000000c5500000, 0x00000000c5500000, 0x00000000c5600000|  0%| F|  |TAMS 0x00000000c5500000, 0x00000000c5500000| Untracked 
|  64|0x00000000c5600000, 0x00000000c5600000, 0x00000000c5700000|  0%| F|  |TAMS 0x00000000c5600000, 0x00000000c5600000| Untracked 
|  65|0x00000000c5700000, 0x00000000c5700000, 0x00000000c5800000|  0%| F|  |TAMS 0x00000000c5700000, 0x00000000c5700000| Untracked 
|  66|0x00000000c5800000, 0x00000000c5800000, 0x00000000c5900000|  0%| F|  |TAMS 0x00000000c5800000, 0x00000000c5800000| Untracked 
|  67|0x00000000c5900000, 0x00000000c5900000, 0x00000000c5a00000|  0%| F|  |TAMS 0x00000000c5900000, 0x00000000c5900000| Untracked 
|  68|0x00000000c5a00000, 0x00000000c5a00000, 0x00000000c5b00000|  0%| F|  |TAMS 0x00000000c5a00000, 0x00000000c5a00000| Untracked 
|  69|0x00000000c5b00000, 0x00000000c5b00000, 0x00000000c5c00000|  0%| F|  |TAMS 0x00000000c5b00000, 0x00000000c5b00000| Untracked 
|  70|0x00000000c5c00000, 0x00000000c5c00000, 0x00000000c5d00000|  0%| F|  |TAMS 0x00000000c5c00000, 0x00000000c5c00000| Untracked 
|  71|0x00000000c5d00000, 0x00000000c5e00000, 0x00000000c5e00000|100%| E|CS|TAMS 0x00000000c5d00000, 0x00000000c5d00000| Complete 
|  72|0x00000000c5e00000, 0x00000000c5e00000, 0x00000000c5f00000|  0%| F|  |TAMS 0x00000000c5e00000, 0x00000000c5e00000| Untracked 
|  73|0x00000000c5f00000, 0x00000000c5f00000, 0x00000000c6000000|  0%| F|  |TAMS 0x00000000c5f00000, 0x00000000c5f00000| Untracked 
|  74|0x00000000c6000000, 0x00000000c6000000, 0x00000000c6100000|  0%| F|  |TAMS 0x00000000c6000000, 0x00000000c6000000| Untracked 
|  75|0x00000000c6100000, 0x00000000c6100000, 0x00000000c6200000|  0%| F|  |TAMS 0x00000000c6100000, 0x00000000c6100000| Untracked 
|  76|0x00000000c6200000, 0x00000000c6200000, 0x00000000c6300000|  0%| F|  |TAMS 0x00000000c6200000, 0x00000000c6200000| Untracked 
|  77|0x00000000c6300000, 0x00000000c6300000, 0x00000000c6400000|  0%| F|  |TAMS 0x00000000c6300000, 0x00000000c6300000| Untracked 
|  78|0x00000000c6400000, 0x00000000c6400000, 0x00000000c6500000|  0%| F|  |TAMS 0x00000000c6400000, 0x00000000c6400000| Untracked 
|  79|0x00000000c6500000, 0x00000000c65f65d8, 0x00000000c6600000| 96%| E|  |TAMS 0x00000000c6500000, 0x00000000c6500000| Complete 
|  80|0x00000000c6600000, 0x00000000c6700000, 0x00000000c6700000|100%| E|  |TAMS 0x00000000c6600000, 0x00000000c6600000| Complete 
|  81|0x00000000c6700000, 0x00000000c6800000, 0x00000000c6800000|100%| E|CS|TAMS 0x00000000c6700000, 0x00000000c6700000| Complete 
|  82|0x00000000c6800000, 0x00000000c6900000, 0x00000000c6900000|100%| E|CS|TAMS 0x00000000c6800000, 0x00000000c6800000| Complete 
|  83|0x00000000c6900000, 0x00000000c6a00000, 0x00000000c6a00000|100%| E|CS|TAMS 0x00000000c6900000, 0x00000000c6900000| Complete 
|  84|0x00000000c6a00000, 0x00000000c6b00000, 0x00000000c6b00000|100%| E|CS|TAMS 0x00000000c6a00000, 0x00000000c6a00000| Complete 

Card table byte_map: [0x000001857a020000,0x000001857a220000] _byte_map_base: 0x0000018579a15000

Marking Bits (Prev, Next): (CMBitMap*) 0x00000185749bd0a0, (CMBitMap*) 0x00000185749bd060
 Prev Bits: [0x000001857b3d0000, 0x000001857c378000)
 Next Bits: [0x000001857a420000, 0x000001857b3c8000)

Polling page: 0x0000018574a40000

Metaspace:

Usage:
  Non-class:     47.22 MB used.
      Class:      6.18 MB used.
       Both:     53.40 MB used.

Virtual space:
  Non-class space:       48.00 MB reserved,      47.38 MB ( 99%) committed,  6 nodes.
      Class space:        1.00 GB reserved,       6.31 MB ( <1%) committed,  1 nodes.
             Both:        1.05 GB reserved,      53.69 MB (  5%) committed. 

Chunk freelists:
   Non-Class:  0 bytes
       Class:  1.70 MB
        Both:  1.70 MB

MaxMetaspaceSize: unlimited
CompressedClassSpaceSize: 1.00 GB
Initial GC threshold: 21.00 MB
Current GC threshold: 85.88 MB
CDS: off
MetaspaceReclaimPolicy: balanced
 - commit_granule_bytes: 65536.
 - commit_granule_words: 8192.
 - virtual_space_node_default_size: 1048576.
 - enlarge_chunks_in_place: 1.
 - new_chunks_are_fully_committed: 0.
 - uncommit_free_chunks: 1.
 - use_allocation_guard: 0.
 - handle_deallocations: 1.


Internal statistics:

num_allocs_failed_limit: 6.
num_arena_births: 366.
num_arena_deaths: 0.
num_vsnodes_births: 7.
num_vsnodes_deaths: 0.
num_space_committed: 858.
num_space_uncommitted: 0.
num_chunks_returned_to_freelist: 6.
num_chunks_taken_from_freelist: 1618.
num_chunk_merges: 3.
num_chunk_splits: 1175.
num_chunks_enlarged: 949.
num_purges: 0.
num_inconsistent_stats: 0.

CodeHeap 'non-profiled nmethods': size=120000Kb used=2132Kb max_used=2132Kb free=117868Kb
 bounds [0x0000018507ad0000, 0x0000018507d40000, 0x000001850f000000]
CodeHeap 'profiled nmethods': size=120000Kb used=9293Kb max_used=9293Kb free=110706Kb
 bounds [0x00000185005a0000, 0x0000018500ec0000, 0x0000018507ad0000]
CodeHeap 'non-nmethods': size=5760Kb used=1425Kb max_used=1425Kb free=4334Kb
 bounds [0x0000018500000000, 0x0000018500270000, 0x00000185005a0000]
 total_blobs=5523 nmethods=4740 adapters=695
 compilation: enabled
              stopped_count=0, restarted_count=0
 full_count=0

Compilation events (20 events):
Event: 84.148 Thread 0x000001857e9c97a0 4712       3       java.lang.StringBuilder::insert (9 bytes)
Event: 84.148 Thread 0x000001857e9c97a0 nmethod 4712 0x0000018500e9cb10 code [0x0000018500e9cca0, 0x0000018500e9cde8]
Event: 84.148 Thread 0x000001857e9c97a0 4713       3       java.lang.AbstractStringBuilder::insert (81 bytes)
Event: 84.148 Thread 0x000001857e9c97a0 nmethod 4713 0x0000018500e9ce90 code [0x0000018500e9d0c0, 0x0000018500e9d7a8]
Event: 84.148 Thread 0x000001857e9c97a0 4714       3       jdk.internal.math.FloatingDecimal$BinaryToASCIIBuffer::toJavaFormatString (23 bytes)
Event: 84.148 Thread 0x000001857e9c97a0 nmethod 4714 0x0000018500e9da90 code [0x0000018500e9dc40, 0x0000018500e9de38]
Event: 84.180 Thread 0x000001857e9c97a0 4715       3       org.apache.pdfbox.cos.COSFloat::<init> (35 bytes)
Event: 84.180 Thread 0x000001857e9c97a0 nmethod 4715 0x0000018500e9df10 code [0x0000018500e9e180, 0x0000018500e9eae8]
Event: 84.180 Thread 0x000001857e9c97a0 4716       3       java.lang.String::valueOf (5 bytes)
Event: 84.180 Thread 0x000001857e9c97a0 nmethod 4716 0x0000018500e9ee90 code [0x0000018500e9f040, 0x0000018500e9f2d8]
Event: 84.218 Thread 0x000001857e9c97a0 4718       3       org.apache.fontbox.ttf.TTCDataStream::read (8 bytes)
Event: 84.219 Thread 0x000001857e9c97a0 nmethod 4718 0x0000018500e9f410 code [0x0000018500e9f5c0, 0x0000018500e9f788]
Event: 84.250 Thread 0x000001857e9c97a0 4719       3       org.apache.fontbox.ttf.RAFDataStream::readUnsignedShort (8 bytes)
Event: 84.250 Thread 0x000001857e9c97a0 nmethod 4719 0x0000018500e9f890 code [0x0000018500e9fa40, 0x0000018500e9fb88]
Event: 84.250 Thread 0x000001857e9c97a0 4720       3       java.io.RandomAccessFile::readUnsignedShort (33 bytes)
Event: 84.251 Thread 0x000001857e9c97a0 nmethod 4720 0x0000018500e9fc90 code [0x0000018500e9fe60, 0x0000018500ea01e8]
Event: 84.274 Thread 0x000001857e9c97a0 4722   !   3       java.util.zip.Inflater::needsDictionary (19 bytes)
Event: 84.274 Thread 0x000001857e9c97a0 nmethod 4722 0x0000018500ea0310 code [0x0000018500ea04a0, 0x0000018500ea0698]
Event: 84.274 Thread 0x000001857e9c97a0 4723       2       java.io.RandomAccessFile::read (8 bytes)
Event: 84.274 Thread 0x000001857e9c97a0 nmethod 4723 0x0000018500ea0790 code [0x0000018500ea0920, 0x0000018500ea0a48]

GC Heap History (20 events):
Event: 4.177 GC heap before
{Heap before GC invocations=7 (full 0):
 garbage-first heap   total 51200K, used 35735K [0x00000000c1600000, 0x0000000100000000)
  region size 1024K, 21 young (21504K), 2 survivors (2048K)
 Metaspace       used 33213K, committed 33536K, reserved 1081344K
  class space    used 3684K, committed 3840K, reserved 1048576K
}
Event: 4.181 GC heap after
{Heap after GC invocations=8 (full 0):
 garbage-first heap   total 51200K, used 17364K [0x00000000c1600000, 0x0000000100000000)
  region size 1024K, 3 young (3072K), 3 survivors (3072K)
 Metaspace       used 33213K, committed 33536K, reserved 1081344K
  class space    used 3684K, committed 3840K, reserved 1048576K
}
Event: 4.452 GC heap before
{Heap before GC invocations=8 (full 0):
 garbage-first heap   total 51200K, used 23508K [0x00000000c1600000, 0x0000000100000000)
  region size 1024K, 10 young (10240K), 3 survivors (3072K)
 Metaspace       used 35837K, committed 36096K, reserved 1081344K
  class space    used 4000K, committed 4160K, reserved 1048576K
}
Event: 4.456 GC heap after
{Heap after GC invocations=9 (full 0):
 garbage-first heap   total 51200K, used 18349K [0x00000000c1600000, 0x0000000100000000)
  region size 1024K, 3 young (3072K), 3 survivors (3072K)
 Metaspace       used 35837K, committed 36096K, reserved 1081344K
  class space    used 4000K, committed 4160K, reserved 1048576K
}
Event: 6.148 GC heap before
{Heap before GC invocations=10 (full 0):
 garbage-first heap   total 51200K, used 36781K [0x00000000c1600000, 0x0000000100000000)
  region size 1024K, 21 young (21504K), 3 survivors (3072K)
 Metaspace       used 40937K, committed 41280K, reserved 1089536K
  class space    used 4652K, committed 4800K, reserved 1048576K
}
Event: 6.152 GC heap after
{Heap after GC invocations=11 (full 0):
 garbage-first heap   total 51200K, used 20214K [0x00000000c1600000, 0x0000000100000000)
  region size 1024K, 3 young (3072K), 3 survivors (3072K)
 Metaspace       used 40937K, committed 41280K, reserved 1089536K
  class space    used 4652K, committed 4800K, reserved 1048576K
}
Event: 6.525 GC heap before
{Heap before GC invocations=11 (full 0):
 garbage-first heap   total 51200K, used 32502K [0x00000000c1600000, 0x0000000100000000)
  region size 1024K, 16 young (16384K), 3 survivors (3072K)
 Metaspace       used 43656K, committed 43968K, reserved 1089536K
  class space    used 5048K, committed 5184K, reserved 1048576K
}
Event: 6.529 GC heap after
{Heap after GC invocations=12 (full 0):
 garbage-first heap   total 51200K, used 21341K [0x00000000c1600000, 0x0000000100000000)
  region size 1024K, 2 young (2048K), 2 survivors (2048K)
 Metaspace       used 43656K, committed 43968K, reserved 1089536K
  class space    used 5048K, committed 5184K, reserved 1048576K
}
Event: 56.303 GC heap before
{Heap before GC invocations=12 (full 0):
 garbage-first heap   total 56320K, used 48989K [0x00000000c1600000, 0x0000000100000000)
  region size 1024K, 13 young (13312K), 2 survivors (2048K)
 Metaspace       used 45824K, committed 46208K, reserved 1097728K
  class space    used 5347K, committed 5504K, reserved 1048576K
}
Event: 56.306 GC heap after
{Heap after GC invocations=13 (full 0):
 garbage-first heap   total 56320K, used 39558K [0x00000000c1600000, 0x0000000100000000)
  region size 1024K, 2 young (2048K), 2 survivors (2048K)
 Metaspace       used 45824K, committed 46208K, reserved 1097728K
  class space    used 5347K, committed 5504K, reserved 1048576K
}
Event: 60.471 GC heap before
{Heap before GC invocations=13 (full 0):
 garbage-first heap   total 56320K, used 44678K [0x00000000c1600000, 0x0000000100000000)
  region size 1024K, 8 young (8192K), 2 survivors (2048K)
 Metaspace       used 46075K, committed 46400K, reserved 1097728K
  class space    used 5367K, committed 5568K, reserved 1048576K
}
Event: 60.473 GC heap after
{Heap after GC invocations=14 (full 0):
 garbage-first heap   total 56320K, used 39797K [0x00000000c1600000, 0x0000000100000000)
  region size 1024K, 1 young (1024K), 1 survivors (1024K)
 Metaspace       used 46075K, committed 46400K, reserved 1097728K
  class space    used 5367K, committed 5568K, reserved 1048576K
}
Event: 64.518 GC heap before
{Heap before GC invocations=15 (full 0):
 garbage-first heap   total 73728K, used 44917K [0x00000000c1600000, 0x0000000100000000)
  region size 1024K, 7 young (7168K), 1 survivors (1024K)
 Metaspace       used 46179K, committed 46592K, reserved 1097728K
  class space    used 5375K, committed 5568K, reserved 1048576K
}
Event: 64.520 GC heap after
{Heap after GC invocations=16 (full 0):
 garbage-first heap   total 73728K, used 39888K [0x00000000c1600000, 0x0000000100000000)
  region size 1024K, 1 young (1024K), 1 survivors (1024K)
 Metaspace       used 46179K, committed 46592K, reserved 1097728K
  class space    used 5375K, committed 5568K, reserved 1048576K
}
Event: 81.040 GC heap before
{Heap before GC invocations=16 (full 0):
 garbage-first heap   total 73728K, used 59344K [0x00000000c1600000, 0x0000000100000000)
  region size 1024K, 20 young (20480K), 1 survivors (1024K)
 Metaspace       used 49331K, committed 49664K, reserved 1097728K
  class space    used 5804K, committed 5952K, reserved 1048576K
}
Event: 81.043 GC heap after
{Heap after GC invocations=17 (full 0):
 garbage-first heap   total 73728K, used 41444K [0x00000000c1600000, 0x0000000100000000)
  region size 1024K, 2 young (2048K), 2 survivors (2048K)
 Metaspace       used 49331K, committed 49664K, reserved 1097728K
  class space    used 5804K, committed 5952K, reserved 1048576K
}
Event: 82.417 GC heap before
{Heap before GC invocations=18 (full 0):
 garbage-first heap   total 73728K, used 57828K [0x00000000c1600000, 0x0000000100000000)
  region size 1024K, 19 young (19456K), 2 survivors (2048K)
 Metaspace       used 51851K, committed 52288K, reserved 1097728K
  class space    used 6062K, committed 6272K, reserved 1048576K
}
Event: 82.427 GC heap after
{Heap after GC invocations=19 (full 0):
 garbage-first heap   total 73728K, used 47029K [0x00000000c1600000, 0x0000000100000000)
  region size 1024K, 3 young (3072K), 3 survivors (3072K)
 Metaspace       used 51851K, committed 52288K, reserved 1097728K
  class space    used 6062K, committed 6272K, reserved 1048576K
}
Event: 83.985 GC heap before
{Heap before GC invocations=19 (full 0):
 garbage-first heap   total 73728K, used 55221K [0x00000000c1600000, 0x0000000100000000)
  region size 1024K, 12 young (12288K), 3 survivors (3072K)
 Metaspace       used 52354K, committed 52672K, reserved 1097728K
  class space    used 6096K, committed 6272K, reserved 1048576K
}
Event: 83.993 GC heap after
{Heap after GC invocations=20 (full 0):
 garbage-first heap   total 73728K, used 49969K [0x00000000c1600000, 0x0000000100000000)
  region size 1024K, 2 young (2048K), 2 survivors (2048K)
 Metaspace       used 52354K, committed 52672K, reserved 1097728K
  class space    used 6096K, committed 6272K, reserved 1048576K
}

Deoptimization events (20 events):
Event: 84.218 Thread 0x000001857498f760 Uncommon trap: trap_request=0xffffffc6 fr.pc=0x0000018507cd435c relative=0x00000000000003fc
Event: 84.218 Thread 0x000001857498f760 Uncommon trap: reason=bimorphic_or_optimized_type_check action=maybe_recompile pc=0x0000018507cd435c method=org.apache.fontbox.ttf.TTFDataStream.readUnsignedInt()J @ 1 c2
Event: 84.218 Thread 0x000001857498f760 DEOPT PACKING pc=0x0000018507cd435c sp=0x00000011bedfb9e0
Event: 84.218 Thread 0x000001857498f760 DEOPT UNPACKING pc=0x00000185000523a3 sp=0x00000011bedfb960 mode 2
Event: 84.218 Thread 0x000001857498f760 Uncommon trap: trap_request=0xffffffc6 fr.pc=0x0000018507cd435c relative=0x00000000000003fc
Event: 84.218 Thread 0x000001857498f760 Uncommon trap: reason=bimorphic_or_optimized_type_check action=maybe_recompile pc=0x0000018507cd435c method=org.apache.fontbox.ttf.TTFDataStream.readUnsignedInt()J @ 1 c2
Event: 84.218 Thread 0x000001857498f760 DEOPT PACKING pc=0x0000018507cd435c sp=0x00000011bedfb9e0
Event: 84.218 Thread 0x000001857498f760 DEOPT UNPACKING pc=0x00000185000523a3 sp=0x00000011bedfb960 mode 2
Event: 84.218 Thread 0x000001857498f760 Uncommon trap: trap_request=0xffffffc6 fr.pc=0x0000018507cd435c relative=0x00000000000003fc
Event: 84.218 Thread 0x000001857498f760 Uncommon trap: reason=bimorphic_or_optimized_type_check action=maybe_recompile pc=0x0000018507cd435c method=org.apache.fontbox.ttf.TTFDataStream.readUnsignedInt()J @ 1 c2
Event: 84.218 Thread 0x000001857498f760 DEOPT PACKING pc=0x0000018507cd435c sp=0x00000011bedfb9e0
Event: 84.218 Thread 0x000001857498f760 DEOPT UNPACKING pc=0x00000185000523a3 sp=0x00000011bedfb960 mode 2
Event: 84.218 Thread 0x000001857498f760 Uncommon trap: trap_request=0xffffffc6 fr.pc=0x0000018507cd435c relative=0x00000000000003fc
Event: 84.218 Thread 0x000001857498f760 Uncommon trap: reason=bimorphic_or_optimized_type_check action=maybe_recompile pc=0x0000018507cd435c method=org.apache.fontbox.ttf.TTFDataStream.readUnsignedInt()J @ 1 c2
Event: 84.218 Thread 0x000001857498f760 DEOPT PACKING pc=0x0000018507cd435c sp=0x00000011bedfb9e0
Event: 84.218 Thread 0x000001857498f760 DEOPT UNPACKING pc=0x00000185000523a3 sp=0x00000011bedfb960 mode 2
Event: 84.250 Thread 0x000001857498f760 Uncommon trap: trap_request=0xffffff45 fr.pc=0x0000018507cbebb8 relative=0x0000000000000038
Event: 84.250 Thread 0x000001857498f760 Uncommon trap: reason=unstable_if action=reinterpret pc=0x0000018507cbebb8 method=java.lang.Character.isSurrogate(C)Z @ 3 c2
Event: 84.250 Thread 0x000001857498f760 DEOPT PACKING pc=0x0000018507cbebb8 sp=0x00000011bedfb580
Event: 84.250 Thread 0x000001857498f760 DEOPT UNPACKING pc=0x00000185000523a3 sp=0x00000011bedfb518 mode 2

Classes unloaded (0 events):
No events

Classes redefined (0 events):
No events

Internal exceptions (20 events):
Event: 80.991 Thread 0x000001857498f760 Exception <a 'java/lang/ClassNotFoundException'{0x00000000c3a35840}: com/aventstack/extentreports/model/LogBeanInfo> (0x00000000c3a35840) 
thrown [e:\jenkins\tmp\workspace\build\src\src\hotspot\share\classfile\systemDictionary.cpp, line 256]
Event: 80.991 Thread 0x000001857498f760 Exception <a 'java/lang/ClassNotFoundException'{0x00000000c3a3c6b8}: com/aventstack/extentreports/model/LogCustomizer> (0x00000000c3a3c6b8) 
thrown [e:\jenkins\tmp\workspace\build\src\src\hotspot\share\classfile\systemDictionary.cpp, line 256]
Event: 80.993 Thread 0x000001857498f760 Exception <a 'java/lang/ClassNotFoundException'{0x00000000c3a54ca8}: com/aventstack/extentreports/model/ExceptionInfoBeanInfo> (0x00000000c3a54ca8) 
thrown [e:\jenkins\tmp\workspace\build\src\src\hotspot\share\classfile\systemDictionary.cpp, line 256]
Event: 80.993 Thread 0x000001857498f760 Exception <a 'java/lang/ClassNotFoundException'{0x00000000c3a5c588}: com/aventstack/extentreports/model/ExceptionInfoCustomizer> (0x00000000c3a5c588) 
thrown [e:\jenkins\tmp\workspace\build\src\src\hotspot\share\classfile\systemDictionary.cpp, line 256]
Event: 80.994 Thread 0x000001857498f760 Exception <a 'java/lang/ClassNotFoundException'{0x00000000c3a787e0}: com/aventstack/extentreports/model/ScreenCaptureBeanInfo> (0x00000000c3a787e0) 
thrown [e:\jenkins\tmp\workspace\build\src\src\hotspot\share\classfile\systemDictionary.cpp, line 256]
Event: 80.995 Thread 0x000001857498f760 Exception <a 'java/lang/ClassNotFoundException'{0x00000000c3a7fbe0}: com/aventstack/extentreports/model/MediaBeanInfo> (0x00000000c3a7fbe0) 
thrown [e:\jenkins\tmp\workspace\build\src\src\hotspot\share\classfile\systemDictionary.cpp, line 256]
Event: 80.995 Thread 0x000001857498f760 Exception <a 'java/lang/ClassNotFoundException'{0x00000000c3a86ff8}: com/aventstack/extentreports/model/MediaCustomizer> (0x00000000c3a86ff8) 
thrown [e:\jenkins\tmp\workspace\build\src\src\hotspot\share\classfile\systemDictionary.cpp, line 256]
Event: 80.997 Thread 0x000001857498f760 Exception <a 'java/lang/ClassNotFoundException'{0x00000000c3a965e0}: com/aventstack/extentreports/model/ScreenCaptureCustomizer> (0x00000000c3a965e0) 
thrown [e:\jenkins\tmp\workspace\build\src\src\hotspot\share\classfile\systemDictionary.cpp, line 256]
Event: 81.014 Thread 0x000001857498f760 Exception <a 'java/lang/ClassNotFoundException'{0x00000000c396c8a8}: java/util/concurrent/ConcurrentHashMapBeanInfo> (0x00000000c396c8a8) 
thrown [e:\jenkins\tmp\workspace\build\src\src\hotspot\share\classfile\systemDictionary.cpp, line 256]
Event: 81.014 Thread 0x000001857498f760 Exception <a 'java/lang/ClassNotFoundException'{0x00000000c396db28}: java/util/AbstractMapBeanInfo> (0x00000000c396db28) 
thrown [e:\jenkins\tmp\workspace\build\src\src\hotspot\share\classfile\systemDictionary.cpp, line 256]
Event: 81.014 Thread 0x000001857498f760 Exception <a 'java/lang/ClassNotFoundException'{0x00000000c396ed70}: java/util/AbstractMapCustomizer> (0x00000000c396ed70) 
thrown [e:\jenkins\tmp\workspace\build\src\src\hotspot\share\classfile\systemDictionary.cpp, line 256]
Event: 81.015 Thread 0x000001857498f760 Exception <a 'java/lang/ClassNotFoundException'{0x00000000c397a880}: java/util/concurrent/ConcurrentHashMapCustomizer> (0x00000000c397a880) 
thrown [e:\jenkins\tmp\workspace\build\src\src\hotspot\share\classfile\systemDictionary.cpp, line 256]
Event: 81.065 Thread 0x000001857498f760 Exception <a 'java/lang/ClassNotFoundException'{0x00000000c5d1abb8}: com/aventstack/extentreports/model/SystemEnvInfoBeanInfo> (0x00000000c5d1abb8) 
thrown [e:\jenkins\tmp\workspace\build\src\src\hotspot\share\classfile\systemDictionary.cpp, line 256]
Event: 81.065 Thread 0x000001857498f760 Exception <a 'java/lang/ClassNotFoundException'{0x00000000c5d21a40}: com/aventstack/extentreports/model/NameValuePairBeanInfo> (0x00000000c5d21a40) 
thrown [e:\jenkins\tmp\workspace\build\src\src\hotspot\share\classfile\systemDictionary.cpp, line 256]
Event: 81.065 Thread 0x000001857498f760 Exception <a 'java/lang/ClassNotFoundException'{0x00000000c5d288e8}: com/aventstack/extentreports/model/NameValuePairCustomizer> (0x00000000c5d288e8) 
thrown [e:\jenkins\tmp\workspace\build\src\src\hotspot\share\classfile\systemDictionary.cpp, line 256]
Event: 81.066 Thread 0x000001857498f760 Exception <a 'java/lang/ClassNotFoundException'{0x00000000c5d32388}: com/aventstack/extentreports/model/SystemEnvInfoCustomizer> (0x00000000c5d32388) 
thrown [e:\jenkins\tmp\workspace\build\src\src\hotspot\share\classfile\systemDictionary.cpp, line 256]
Event: 81.699 Thread 0x000001857498f760 Exception <a 'java/lang/ClassNotFoundException'{0x00000000c59618d8}: sun/awt/resources/spi/awtProvider> (0x00000000c59618d8) 
thrown [e:\jenkins\tmp\workspace\build\src\src\hotspot\share\classfile\systemDictionary.cpp, line 256]
Event: 81.774 Thread 0x000001857498f760 Exception <a 'java/io/FileNotFoundException'{0x00000000c5964be8}> (0x00000000c5964be8) 
thrown [e:\jenkins\tmp\workspace\build\src\src\hotspot\share\prims\jni.cpp, line 516]
Event: 81.775 Thread 0x000001857498f760 Exception <a 'java/io/FileNotFoundException'{0x00000000c5966420}> (0x00000000c5966420) 
thrown [e:\jenkins\tmp\workspace\build\src\src\hotspot\share\prims\jni.cpp, line 516]
Event: 82.327 Thread 0x000001857498f760 Exception <a 'java/io/FileNotFoundException'{0x00000000c4ea2ba0}> (0x00000000c4ea2ba0) 
thrown [e:\jenkins\tmp\workspace\build\src\src\hotspot\share\prims\jni.cpp, line 516]

VM Operations (20 events):
Event: 82.157 Executing VM operation: HandshakeAllThreads
Event: 82.157 Executing VM operation: HandshakeAllThreads done
Event: 82.417 Executing VM operation: G1CollectForAllocation
Event: 82.427 Executing VM operation: G1CollectForAllocation done
Event: 83.427 Executing VM operation: Cleanup
Event: 83.427 Executing VM operation: Cleanup done
Event: 83.833 Executing VM operation: HandshakeAllThreads
Event: 83.833 Executing VM operation: HandshakeAllThreads done
Event: 83.834 Executing VM operation: HandshakeAllThreads
Event: 83.834 Executing VM operation: HandshakeAllThreads done
Event: 83.835 Executing VM operation: HandshakeAllThreads
Event: 83.835 Executing VM operation: HandshakeAllThreads done
Event: 83.985 Executing VM operation: G1CollectForAllocation
Event: 83.993 Executing VM operation: G1CollectForAllocation done
Event: 84.040 Executing VM operation: G1Concurrent
Event: 84.043 Executing VM operation: G1Concurrent done
Event: 84.065 Executing VM operation: G1Concurrent
Event: 84.065 Executing VM operation: G1Concurrent done
Event: 84.205 Executing VM operation: HandshakeAllThreads
Event: 84.205 Executing VM operation: HandshakeAllThreads done

Events (20 events):
Event: 82.367 loading class java/io/SequenceInputStream
Event: 82.368 loading class java/io/SequenceInputStream done
Event: 82.389 loading class java/util/zip/DataFormatException
Event: 82.399 loading class java/util/zip/DataFormatException done
Event: 82.400 loading class java/lang/NegativeArraySizeException
Event: 82.401 loading class java/lang/NegativeArraySizeException done
Event: 82.401 loading class javax/imageio/IIOException
Event: 82.416 loading class javax/imageio/IIOException done
Event: 82.432 loading class javax/imageio/stream/ImageInputStream
Event: 82.451 loading class javax/imageio/stream/ImageInputStream done
Event: 82.749 loading class java/awt/geom/Point2D$Float
Event: 82.749 loading class java/awt/geom/Point2D$Float done
Event: 82.792 loading class sun/nio/cs/ISO_8859_1$Decoder
Event: 82.813 loading class sun/nio/cs/ISO_8859_1$Decoder done
Event: 83.852 loading class java/awt/geom/AffineTransform
Event: 83.871 loading class java/awt/geom/AffineTransform done
Event: 84.251 loading class java/awt/Color
Event: 84.251 loading class java/awt/Paint
Event: 84.273 loading class java/awt/Paint done
Event: 84.273 loading class java/awt/Color done


Dynamic libraries:
0x00007ff6c18f0000 - 0x00007ff6c18fe000 	C:\Users\inindc00091\.p2\pool\plugins\org.eclipse.justj.openjdk.hotspot.jre.full.win32.x86_64_17.0.1.v20211116-1657\jre\bin\javaw.exe
0x00007ffaa7d00000 - 0x00007ffaa7ef0000 	C:\WINDOWS\SYSTEM32\ntdll.dll
0x00007ffaa6b40000 - 0x00007ffaa6bf2000 	C:\WINDOWS\System32\KERNEL32.DLL
0x00007ffaa5660000 - 0x00007ffaa5905000 	C:\WINDOWS\System32\KERNELBASE.dll
0x00007ffaa5b50000 - 0x00007ffaa5c4a000 	C:\WINDOWS\System32\ucrtbase.dll
0x00007ffa91cf0000 - 0x00007ffa91d08000 	C:\Users\inindc00091\.p2\pool\plugins\org.eclipse.justj.openjdk.hotspot.jre.full.win32.x86_64_17.0.1.v20211116-1657\jre\bin\jli.dll
0x00007ffa91cd0000 - 0x00007ffa91ce9000 	C:\Users\inindc00091\.p2\pool\plugins\org.eclipse.justj.openjdk.hotspot.jre.full.win32.x86_64_17.0.1.v20211116-1657\jre\bin\VCRUNTIME140.dll
0x00007ffaa7940000 - 0x00007ffaa7ad4000 	C:\WINDOWS\System32\USER32.dll
0x00007ffaa5580000 - 0x00007ffaa55a1000 	C:\WINDOWS\System32\win32u.dll
0x00007ffa947f0000 - 0x00007ffa94a74000 	C:\WINDOWS\WinSxS\amd64_microsoft.windows.common-controls_6595b64144ccf1df_6.0.18362.1556_none_9e7e372fe45e41d5\COMCTL32.dll
0x00007ffaa6b00000 - 0x00007ffaa6b26000 	C:\WINDOWS\System32\GDI32.dll
0x00007ffaa6370000 - 0x00007ffaa640e000 	C:\WINDOWS\System32\msvcrt.dll
0x00007ffaa5c70000 - 0x00007ffaa5e08000 	C:\WINDOWS\System32\gdi32full.dll
0x00007ffaa4d60000 - 0x00007ffaa4dfe000 	C:\WINDOWS\System32\msvcp_win.dll
0x00007ffaa5f80000 - 0x00007ffaa62b6000 	C:\WINDOWS\System32\combase.dll
0x00007ffaa7690000 - 0x00007ffaa77af000 	C:\WINDOWS\System32\RPCRT4.dll
0x00007ffaa5a70000 - 0x00007ffaa5af1000 	C:\WINDOWS\System32\bcryptPrimitives.dll
0x00007ffaa7910000 - 0x00007ffaa793e000 	C:\WINDOWS\System32\IMM32.DLL
0x00007ffa970d0000 - 0x00007ffa970dc000 	C:\Users\inindc00091\.p2\pool\plugins\org.eclipse.justj.openjdk.hotspot.jre.full.win32.x86_64_17.0.1.v20211116-1657\jre\bin\vcruntime140_1.dll
0x00007ffa85de0000 - 0x00007ffa85e71000 	C:\Users\inindc00091\.p2\pool\plugins\org.eclipse.justj.openjdk.hotspot.jre.full.win32.x86_64_17.0.1.v20211116-1657\jre\bin\msvcp140.dll
0x00007ffa76680000 - 0x00007ffa772c6000 	C:\Users\inindc00091\.p2\pool\plugins\org.eclipse.justj.openjdk.hotspot.jre.full.win32.x86_64_17.0.1.v20211116-1657\jre\bin\server\jvm.dll
0x00007ffaa5e70000 - 0x00007ffaa5f13000 	C:\WINDOWS\System32\ADVAPI32.dll
0x00007ffaa6c20000 - 0x00007ffaa6cb7000 	C:\WINDOWS\System32\sechost.dll
0x00007ffaa6b30000 - 0x00007ffaa6b38000 	C:\WINDOWS\System32\PSAPI.DLL
0x00007ffa94510000 - 0x00007ffa94519000 	C:\WINDOWS\SYSTEM32\WSOCK32.dll
0x00007ffaa2db0000 - 0x00007ffaa2dd4000 	C:\WINDOWS\SYSTEM32\WINMM.dll
0x00007ffa94620000 - 0x00007ffa9462a000 	C:\WINDOWS\SYSTEM32\VERSION.dll
0x00007ffaa6ec0000 - 0x00007ffaa6f2f000 	C:\WINDOWS\System32\WS2_32.dll
0x00007ffaa2c40000 - 0x00007ffaa2c6d000 	C:\WINDOWS\SYSTEM32\winmmbase.dll
0x00007ffaa5b00000 - 0x00007ffaa5b4a000 	C:\WINDOWS\System32\cfgmgr32.dll
0x00007ffaa4c70000 - 0x00007ffaa4c81000 	C:\WINDOWS\System32\kernel.appcore.dll
0x00007ffaa14e0000 - 0x00007ffaa14ea000 	C:\Users\inindc00091\.p2\pool\plugins\org.eclipse.justj.openjdk.hotspot.jre.full.win32.x86_64_17.0.1.v20211116-1657\jre\bin\jimage.dll
0x00007ffa90b30000 - 0x00007ffa90d24000 	C:\WINDOWS\SYSTEM32\DBGHELP.DLL
0x00007ffa903f0000 - 0x00007ffa9041a000 	C:\WINDOWS\SYSTEM32\dbgcore.DLL
0x00007ffa97160000 - 0x00007ffa97185000 	C:\Users\inindc00091\.p2\pool\plugins\org.eclipse.justj.openjdk.hotspot.jre.full.win32.x86_64_17.0.1.v20211116-1657\jre\bin\java.dll
0x00007ffa970e0000 - 0x00007ffa970f8000 	C:\Users\inindc00091\.p2\pool\plugins\org.eclipse.justj.openjdk.hotspot.jre.full.win32.x86_64_17.0.1.v20211116-1657\jre\bin\zip.dll
0x00007ffaa6410000 - 0x00007ffaa6af7000 	C:\WINDOWS\System32\SHELL32.dll
0x00007ffaa6cd0000 - 0x00007ffaa6d78000 	C:\WINDOWS\System32\shcore.dll
0x00007ffaa4e00000 - 0x00007ffaa557b000 	C:\WINDOWS\System32\windows.storage.dll
0x00007ffaa4c90000 - 0x00007ffaa4cae000 	C:\WINDOWS\System32\profapi.dll
0x00007ffaa4c20000 - 0x00007ffaa4c6a000 	C:\WINDOWS\System32\powrprof.dll
0x00007ffaa4c10000 - 0x00007ffaa4c20000 	C:\WINDOWS\System32\UMPDC.dll
0x00007ffaa5e10000 - 0x00007ffaa5e62000 	C:\WINDOWS\System32\shlwapi.dll
0x00007ffaa5c50000 - 0x00007ffaa5c67000 	C:\WINDOWS\System32\cryptsp.dll
0x00007ffa94af0000 - 0x00007ffa94b09000 	C:\Users\inindc00091\.p2\pool\plugins\org.eclipse.justj.openjdk.hotspot.jre.full.win32.x86_64_17.0.1.v20211116-1657\jre\bin\net.dll
0x00007ffa9d320000 - 0x00007ffa9d41a000 	C:\WINDOWS\SYSTEM32\WINHTTP.dll
0x00007ffaa43f0000 - 0x00007ffaa4457000 	C:\WINDOWS\system32\mswsock.dll
0x00007ffa93230000 - 0x00007ffa93245000 	C:\Users\inindc00091\.p2\pool\plugins\org.eclipse.justj.openjdk.hotspot.jre.full.win32.x86_64_17.0.1.v20211116-1657\jre\bin\nio.dll
0x00007ffaa4140000 - 0x00007ffaa420b000 	C:\WINDOWS\SYSTEM32\DNSAPI.dll
0x00007ffaa7ae0000 - 0x00007ffaa7ae8000 	C:\WINDOWS\System32\NSI.dll
0x00007ffaa4100000 - 0x00007ffaa413a000 	C:\WINDOWS\SYSTEM32\IPHLPAPI.DLL
0x00007ffa9b9c0000 - 0x00007ffa9b9ca000 	C:\Windows\System32\rasadhlp.dll
0x00007ffaa0a30000 - 0x00007ffaa0aa7000 	C:\WINDOWS\System32\fwpuclnt.dll
0x00007ffaa4cd0000 - 0x00007ffaa4cf6000 	C:\WINDOWS\System32\bcrypt.dll
0x00007ffaa3f70000 - 0x00007ffaa3fa3000 	C:\WINDOWS\system32\rsaenh.dll
0x00007ffaa4b30000 - 0x00007ffaa4b55000 	C:\WINDOWS\SYSTEM32\USERENV.dll
0x00007ffaa45c0000 - 0x00007ffaa45cc000 	C:\WINDOWS\SYSTEM32\CRYPTBASE.dll
0x00007ffaa0bb0000 - 0x00007ffaa0bc6000 	C:\WINDOWS\SYSTEM32\dhcpcsvc6.DLL
0x00007ffaa03c0000 - 0x00007ffaa03dc000 	C:\WINDOWS\SYSTEM32\dhcpcsvc.DLL
0x00007ffaa14b0000 - 0x00007ffaa14c0000 	C:\Users\inindc00091\.p2\pool\plugins\org.eclipse.justj.openjdk.hotspot.jre.full.win32.x86_64_17.0.1.v20211116-1657\jre\bin\verify.dll
0x00007ffa9e320000 - 0x00007ffa9e329000 	C:\Users\inindc00091\.p2\pool\plugins\org.eclipse.justj.openjdk.hotspot.jre.full.win32.x86_64_17.0.1.v20211116-1657\jre\bin\management.dll
0x00007ffa9b7f0000 - 0x00007ffa9b7fb000 	C:\Users\inindc00091\.p2\pool\plugins\org.eclipse.justj.openjdk.hotspot.jre.full.win32.x86_64_17.0.1.v20211116-1657\jre\bin\management_ext.dll
0x00007ffa9b600000 - 0x00007ffa9b616000 	C:\WINDOWS\system32\napinsp.dll
0x00007ffa93690000 - 0x00007ffa936aa000 	C:\WINDOWS\system32\pnrpnsp.dll
0x00007ffa91710000 - 0x00007ffa91725000 	C:\WINDOWS\system32\wshbth.dll
0x00007ffaa1400000 - 0x00007ffaa141c000 	C:\WINDOWS\system32\NLAapi.dll
0x00007ffa93490000 - 0x00007ffa9349e000 	C:\WINDOWS\System32\winrnr.dll
0x00007ffa9b7d0000 - 0x00007ffa9b7de000 	C:\Users\inindc00091\.p2\pool\plugins\org.eclipse.justj.openjdk.hotspot.jre.full.win32.x86_64_17.0.1.v20211116-1657\jre\bin\sunmscapi.dll
0x00007ffaa5910000 - 0x00007ffaa5a61000 	C:\WINDOWS\System32\CRYPT32.dll
0x00007ffaa4cb0000 - 0x00007ffaa4cc2000 	C:\WINDOWS\System32\MSASN1.dll
0x00007ffaa4730000 - 0x00007ffaa4756000 	C:\WINDOWS\SYSTEM32\ncrypt.dll
0x00007ffaa46f0000 - 0x00007ffaa472b000 	C:\WINDOWS\SYSTEM32\NTASN1.dll
0x00007ffa929e0000 - 0x00007ffa929e7000 	C:\WINDOWS\system32\wshunix.dll
0x00007ffa7b3f0000 - 0x00007ffa7b57e000 	C:\Users\inindc00091\.p2\pool\plugins\org.eclipse.justj.openjdk.hotspot.jre.full.win32.x86_64_17.0.1.v20211116-1657\jre\bin\awt.dll
0x00007ffaa6d80000 - 0x00007ffaa6e45000 	C:\WINDOWS\System32\OLEAUT32.dll
0x00007ffaa2bb0000 - 0x00007ffaa2c3f000 	C:\WINDOWS\SYSTEM32\apphelp.dll
0x00007ffa91ec0000 - 0x00007ffa91f01000 	C:\Users\inindc00091\.p2\pool\plugins\org.eclipse.justj.openjdk.hotspot.jre.full.win32.x86_64_17.0.1.v20211116-1657\jre\bin\lcms.dll
0x00007ffaa3420000 - 0x00007ffaa344d000 	C:\WINDOWS\system32\DWMAPI.DLL
0x00007ffaa3180000 - 0x00007ffaa3219000 	C:\WINDOWS\system32\uxtheme.dll

dbghelp: loaded successfully - version: 4.0.5 - missing functions: none
symbol engine: initialized successfully - sym options: 0x614 - pdb path: .;C:\Users\inindc00091\.p2\pool\plugins\org.eclipse.justj.openjdk.hotspot.jre.full.win32.x86_64_17.0.1.v20211116-1657\jre\bin;C:\WINDOWS\SYSTEM32;C:\WINDOWS\WinSxS\amd64_microsoft.windows.common-controls_6595b64144ccf1df_6.0.18362.1556_none_9e7e372fe45e41d5;C:\Users\inindc00091\.p2\pool\plugins\org.eclipse.justj.openjdk.hotspot.jre.full.win32.x86_64_17.0.1.v20211116-1657\jre\bin\server

VM Arguments:
jvm_args: -ea -Dfile.encoding=Cp1252 -XX:+ShowCodeDetailsInExceptionMessages 
java_command: org.testng.remote.RemoteTestNG -serport 49643 -protocol json -d C:\Users\inindc00091\git\repository\Devesh_AzentioFramework\test-output C:\Users\ININDC~1\AppData\Local\Temp\testng-eclipse-1694339043\testng-customsuite.xml
java_class_path (initial): C:\Users\inindc00091\eclipse\java-2021-09\eclipse\configuration\org.eclipse.osgi\442\0\.cp\lib\testng-remote.jar;C:\Users\inindc00091\git\repository\Devesh_AzentioFramework\target\test-classes;C:\Users\inindc00091\git\repository\Devesh_AzentioFramework\target\classes;C:\Users\inindc00091\.p2\pool\plugins\org.testng_7.4.0.r202105021533.jar;C:\Users\inindc00091\.p2\pool\plugins\com.beust.jcommander_1.78.0.jar;C:\Users\inindc00091\.p2\pool\plugins\org.apache-extras.beanshell.bsh_2.0.0.b6.jar;C:\Users\inindc00091\.p2\pool\plugins\org.yaml.snakeyaml_1.21.0.jar;C:\Users\inindc00091\.p2\pool\plugins\org.webjars.jquery_3.5.1.jar;C:\Users\inindc00091\.m2\repository\junit\junit\4.11\junit-4.11.jar;C:\Users\inindc00091\.m2\repository\org\hamcrest\hamcrest-core\1.3\hamcrest-core-1.3.jar;C:\Users\inindc00091\.m2\repository\org\seleniumhq\selenium\selenium-java\4.0.0-rc-1\selenium-java-4.0.0-rc-1.jar;C:\Users\inindc00091\.m2\repository\org\seleniumhq\selenium\selenium-api\4.0.0-rc-1\selenium-api-4.0.0-rc-1.jar;C:\Users\inindc00091\.m2\repository\org\seleniumhq\selenium\selenium-chrome-driver\4.0.0-rc-1\selenium-chrome-driver-4.0.0-rc-1.jar;C:\Users\inindc00091\.m2\repository\com\google\auto\service\auto-service-annotations\1.0\auto-service-annotations-1.0.jar;C:\Users\inindc00091\.m2\repository\com\google\auto\service\auto-service\1.0\auto-service-1.0.jar;C:\Users\inindc00091\.m2\repository\com\google\auto\auto-common\1.0\auto-common-1.0.jar;C:\Users\inindc00091\.m2\repository\org\seleniumhq\selenium\selenium-chromium-driver\4.0.0-rc-1\selenium-chromium-driver-4.0.0-rc-1.jar;C:\Users\inindc00091\.m2\repository\org\seleniumhq\selenium\selenium-devtools\4.0.0-rc-1\selenium-devtools-4.0.0-rc-1.jar;C:\Users\inindc00091\.m2\repository\org\seleniumhq\selenium\selenium-http\4.0.0-rc-1\selenium-http-4.0.0-rc-1.jar;C:\Users\inindc00091\.m2\repository\org\seleniumhq\selenium\selenium-json\4.0.0-rc-1\selenium-json-4.0.0-rc-1.jar;C:\Users\inindc00091\.m2\reposito
Launcher Type: SUN_STANDARD

[Global flags]
     intx CICompilerCount                          = 3                                         {product} {ergonomic}
     uint ConcGCThreads                            = 1                                         {product} {ergonomic}
     uint G1ConcRefinementThreads                  = 4                                         {product} {ergonomic}
   size_t G1HeapRegionSize                         = 1048576                                   {product} {ergonomic}
    uintx GCDrainStackTargetSize                   = 64                                        {product} {ergonomic}
   size_t InitialHeapSize                          = 67108864                                  {product} {ergonomic}
   size_t MarkStackSize                            = 4194304                                   {product} {ergonomic}
   size_t MaxHeapSize                              = 1050673152                                {product} {ergonomic}
   size_t MaxNewSize                               = 630194176                                 {product} {ergonomic}
   size_t MinHeapDeltaBytes                        = 1048576                                   {product} {ergonomic}
   size_t MinHeapSize                              = 8388608                                   {product} {ergonomic}
    uintx NonNMethodCodeHeapSize                   = 5832780                                {pd product} {ergonomic}
    uintx NonProfiledCodeHeapSize                  = 122912730                              {pd product} {ergonomic}
    uintx ProfiledCodeHeapSize                     = 122912730                              {pd product} {ergonomic}
    uintx ReservedCodeCacheSize                    = 251658240                              {pd product} {ergonomic}
     bool SegmentedCodeCache                       = true                                      {product} {ergonomic}
     bool ShowCodeDetailsInExceptionMessages       = true                                   {manageable} {command line}
   size_t SoftMaxHeapSize                          = 1050673152                             {manageable} {ergonomic}
     bool UseCompressedClassPointers               = true                           {product lp64_product} {ergonomic}
     bool UseCompressedOops                        = true                           {product lp64_product} {ergonomic}
     bool UseG1GC                                  = true                                      {product} {ergonomic}
     bool UseLargePagesIndividualAllocation        = false                                  {pd product} {ergonomic}

Logging:
Log output configuration:
 #0: stdout all=warning uptime,level,tags
 #1: stderr all=off uptime,level,tags

Environment Variables:
PATH=C:/Users/inindc00091/.p2/pool/plugins/org.eclipse.justj.openjdk.hotspot.jre.full.win32.x86_64_17.0.1.v20211116-1657/jre/bin/server;C:/Users/inindc00091/.p2/pool/plugins/org.eclipse.justj.openjdk.hotspot.jre.full.win32.x86_64_17.0.1.v20211116-1657/jre/bin;C:\Program Files (x86)\Intel\iCLS Client\;C:\Program Files\Intel\iCLS Client\;C:\WINDOWS\system32;C:\WINDOWS;C:\WINDOWS\System32\Wbem;C:\WINDOWS\System32\WindowsPowerShell\v1.0\;C:\Program Files (x86)\Intel\Intel(R) Management Engine Components\DAL;C:\Program Files\Intel\Intel(R) Management Engine Components\DAL;C:\Program Files (x86)\Intel\Intel(R) Management Engine Components\IPT;C:\Program Files\Intel\Intel(R) Management Engine Components\IPT;C:\WINDOWS\System32\OpenSSH\;C:\Maven\apache-maven-3.8.4\bin;C:\Program Files\Java\jdk1.8.0_111\bin;C:\Users\inindc00091\AppData\Local\Microsoft\WindowsApps;;C:\WINDOWS\system32;
USERNAME=ININDC00091
OS=Windows_NT
PROCESSOR_IDENTIFIER=Intel64 Family 6 Model 158 Stepping 9, GenuineIntel



---------------  S Y S T E M  ---------------

OS:
 Windows 10 , 64 bit Build 18362 (10.0.18362.1500)
OS uptime: 24 days 5:51 hours

CPU: total 4 (initial active 4) (2 cores per cpu, 2 threads per core) family 6 model 158 stepping 9 microcode 0xde, cx8, cmov, fxsr, ht, mmx, 3dnowpref, sse, sse2, sse3, ssse3, sse4.1, sse4.2, popcnt, lzcnt, tsc, tscinvbit, avx, avx2, aes, erms, clmul, bmi1, bmi2, adx, fma, vzeroupper, clflush, clflushopt

Memory: 4k page, system-wide physical 4003M (349M free)
TotalPageFile size 16291M (AvailPageFile size 93M)
current process WorkingSet (physical memory assigned to process): 162M, peak: 225M
current process commit charge ("private bytes"): 296M, peak: 296M

vm_info: OpenJDK 64-Bit Server VM (17.0.1+12) for windows-amd64 JRE (17.0.1+12), built on Oct 20 2021 07:42:55 by "" with MS VC++ 16.7 (VS2019)

END.
